{
  level: 'error',
  message: 'MongoDB bağlantı hatası: The `uri` parameter to `openUri()` must be a string, got "undefined". Make sure the first parameter to `mongoose.connect()` or `mongoose.createConnection()` is a string.',
  stack: 'MongooseError: The `uri` parameter to `openUri()` must be a string, got "undefined". Make sure the first parameter to `mongoose.connect()` or `mongoose.createConnection()` is a string.\n' +
    '    at NativeConnection.createClient (/Users/umut/Desktop/magic.link/node_modules/mongoose/lib/drivers/node-mongodb-native/connection.js:219:11)\n' +
    '    at NativeConnection.openUri (/Users/umut/Desktop/magic.link/node_modules/mongoose/lib/connection.js:823:34)\n' +
    '    at Mongoose.connect (/Users/umut/Desktop/magic.link/node_modules/mongoose/lib/mongoose.js:447:15)\n' +
    '    at Object.<anonymous> (/Users/umut/Desktop/magic.link/server.js:62:10)\n' +
    '    at Module._compile (node:internal/modules/cjs/loader:1546:14)\n' +
    '    at Module._extensions..js (node:internal/modules/cjs/loader:1691:10)\n' +
    '    at Module.load (node:internal/modules/cjs/loader:1317:32)\n' +
    '    at Module._load (node:internal/modules/cjs/loader:1127:12)\n' +
    '    at TracingChannel.traceSync (node:diagnostics_channel:315:14)\n' +
    '    at wrapModuleLoad (node:internal/modules/cjs/loader:217:24)',
  timestamp: '2024-09-11T16:39:28.945Z'
}
{
  level: 'error',
  message: 'MongoDB bağlantı hatası: The `uri` parameter to `openUri()` must be a string, got "undefined". Make sure the first parameter to `mongoose.connect()` or `mongoose.createConnection()` is a string.',
  stack: 'MongooseError: The `uri` parameter to `openUri()` must be a string, got "undefined". Make sure the first parameter to `mongoose.connect()` or `mongoose.createConnection()` is a string.\n' +
    '    at NativeConnection.createClient (/Users/umut/Desktop/magic.link/node_modules/mongoose/lib/drivers/node-mongodb-native/connection.js:219:11)\n' +
    '    at NativeConnection.openUri (/Users/umut/Desktop/magic.link/node_modules/mongoose/lib/connection.js:823:34)\n' +
    '    at Mongoose.connect (/Users/umut/Desktop/magic.link/node_modules/mongoose/lib/mongoose.js:447:15)\n' +
    '    at Object.<anonymous> (/Users/umut/Desktop/magic.link/server.js:62:10)\n' +
    '    at Module._compile (node:internal/modules/cjs/loader:1546:14)\n' +
    '    at Module._extensions..js (node:internal/modules/cjs/loader:1691:10)\n' +
    '    at Module.load (node:internal/modules/cjs/loader:1317:32)\n' +
    '    at Module._load (node:internal/modules/cjs/loader:1127:12)\n' +
    '    at TracingChannel.traceSync (node:diagnostics_channel:315:14)\n' +
    '    at wrapModuleLoad (node:internal/modules/cjs/loader:217:24)',
  timestamp: '2024-09-11T16:44:02.945Z'
}
{
  level: 'error',
  message: 'MongoDB bağlantı hatası: The `uri` parameter to `openUri()` must be a string, got "undefined". Make sure the first parameter to `mongoose.connect()` or `mongoose.createConnection()` is a string.',
  stack: 'MongooseError: The `uri` parameter to `openUri()` must be a string, got "undefined". Make sure the first parameter to `mongoose.connect()` or `mongoose.createConnection()` is a string.\n' +
    '    at NativeConnection.createClient (/Users/umut/Desktop/magic.link/node_modules/mongoose/lib/drivers/node-mongodb-native/connection.js:219:11)\n' +
    '    at NativeConnection.openUri (/Users/umut/Desktop/magic.link/node_modules/mongoose/lib/connection.js:823:34)\n' +
    '    at Mongoose.connect (/Users/umut/Desktop/magic.link/node_modules/mongoose/lib/mongoose.js:447:15)\n' +
    '    at Object.<anonymous> (/Users/umut/Desktop/magic.link/server.js:62:10)\n' +
    '    at Module._compile (node:internal/modules/cjs/loader:1546:14)\n' +
    '    at Module._extensions..js (node:internal/modules/cjs/loader:1691:10)\n' +
    '    at Module.load (node:internal/modules/cjs/loader:1317:32)\n' +
    '    at Module._load (node:internal/modules/cjs/loader:1127:12)\n' +
    '    at TracingChannel.traceSync (node:diagnostics_channel:315:14)\n' +
    '    at wrapModuleLoad (node:internal/modules/cjs/loader:217:24)',
  timestamp: '2024-09-11T16:44:54.593Z'
}
{
  level: 'error',
  message: 'Unhandled rejection at:',
  timestamp: '2024-09-11T16:47:10.870Z'
}
{
  level: 'error',
  message: 'MongoDB bağlantı hatası: The `uri` parameter to `openUri()` must be a string, got "undefined". Make sure the first parameter to `mongoose.connect()` or `mongoose.createConnection()` is a string.',
  stack: 'MongooseError: The `uri` parameter to `openUri()` must be a string, got "undefined". Make sure the first parameter to `mongoose.connect()` or `mongoose.createConnection()` is a string.\n' +
    '    at NativeConnection.createClient (/Users/umut/Desktop/magic.link/node_modules/mongoose/lib/drivers/node-mongodb-native/connection.js:219:11)\n' +
    '    at NativeConnection.openUri (/Users/umut/Desktop/magic.link/node_modules/mongoose/lib/connection.js:823:34)\n' +
    '    at Mongoose.connect (/Users/umut/Desktop/magic.link/node_modules/mongoose/lib/mongoose.js:447:15)\n' +
    '    at Object.<anonymous> (/Users/umut/Desktop/magic.link/server.js:62:10)\n' +
    '    at Module._compile (node:internal/modules/cjs/loader:1546:14)\n' +
    '    at Module._extensions..js (node:internal/modules/cjs/loader:1691:10)\n' +
    '    at Module.load (node:internal/modules/cjs/loader:1317:32)\n' +
    '    at Module._load (node:internal/modules/cjs/loader:1127:12)\n' +
    '    at TracingChannel.traceSync (node:diagnostics_channel:315:14)\n' +
    '    at wrapModuleLoad (node:internal/modules/cjs/loader:217:24)',
  timestamp: '2024-09-11T16:47:11.872Z'
}
